c:\users\murie\onedrive\文档\spring2021\game programming\week 3\sdlproject\debug\vc142.pdb
c:\users\murie\onedrive\文档\spring2021\game programming\week 3\sdlproject\debug\vc142.idb
c:\users\murie\onedrive\文档\spring2021\game programming\week 3\sdlproject\debug\shaderprogram.obj
c:\users\murie\onedrive\文档\spring2021\game programming\week 3\sdlproject\debug\main.obj
c:\users\murie\onedrive\文档\spring2021\game programming\week 4\sdlproject\debug\vc142.pdb
c:\users\murie\onedrive\文档\spring2021\game programming\week 4\sdlproject\debug\vc142.idb
c:\users\murie\onedrive\文档\spring2021\game programming\week 4\sdlproject\debug\shaderprogram.obj
c:\users\murie\onedrive\文档\spring2021\game programming\week 4\sdlproject\debug\main.obj
c:\users\murie\onedrive\文档\spring2021\game programming\week 3\sdlproject\debug\sdlproject.exe
c:\users\murie\onedrive\文档\spring2021\game programming\week 3\sdlproject\debug\sdlproject.ilk
c:\users\murie\onedrive\文档\spring2021\game programming\week 3\sdlproject\debug\sdlproject.pdb
c:\users\murie\onedrive\文档\spring2021\game programming\week 4\sdlproject\debug\sdlproject.exe
c:\users\murie\onedrive\文档\spring2021\game programming\week 4\sdlproject\debug\sdlproject.ilk
c:\users\murie\onedrive\文档\spring2021\game programming\week 4\sdlproject\debug\sdlproject.pdb
c:\users\murie\onedrive\文档\spring2021\game programming\week 4\sdlproject\debug\sdlproject.tlog\cl.command.1.tlog
c:\users\murie\onedrive\文档\spring2021\game programming\week 4\sdlproject\debug\sdlproject.tlog\cl.read.1.tlog
c:\users\murie\onedrive\文档\spring2021\game programming\week 4\sdlproject\debug\sdlproject.tlog\cl.write.1.tlog
c:\users\murie\onedrive\文档\spring2021\game programming\week 4\sdlproject\debug\sdlproject.tlog\link.command.1.tlog
c:\users\murie\onedrive\文档\spring2021\game programming\week 4\sdlproject\debug\sdlproject.tlog\link.read.1.tlog
c:\users\murie\onedrive\文档\spring2021\game programming\week 4\sdlproject\debug\sdlproject.tlog\link.write.1.tlog
